 -0.5000000000       0.000000000    
 -0.4980000000       0.000000000    
 -0.4960000000       0.000000000    
 -0.4940000000       0.000000000    
 -0.4920000000       0.000000000    
 -0.4900000000       0.000000000    
 -0.4880000000       0.000000000    
 -0.4860000000       0.000000000    
 -0.4840000000       0.000000000    
 -0.4820000000       0.000000000    
 -0.4800000000       0.000000000    
 -0.4780000000       0.000000000    
 -0.4760000000       0.000000000    
 -0.4740000000       0.000000000    
 -0.4720000000       0.000000000    
 -0.4700000000       0.000000000    
 -0.4680000000       0.000000000    
 -0.4660000000       0.000000000    
 -0.4640000000       0.000000000    
 -0.4620000000       0.000000000    
 -0.4600000000       0.000000000    
 -0.4580000000       0.000000000    
 -0.4560000000       0.000000000    
 -0.4540000000       0.000000000    
 -0.4520000000       0.000000000    
 -0.4500000000       0.000000000    
 -0.4480000000       0.000000000    
 -0.4460000000       0.000000000    
 -0.4440000000       0.000000000    
 -0.4420000000       0.000000000    
 -0.4400000000       0.000000000    
 -0.4380000000       0.000000000    
 -0.4360000000       0.000000000    
 -0.4340000000       0.000000000    
 -0.4320000000       0.000000000    
 -0.4300000000       0.000000000    
 -0.4280000000       0.000000000    
 -0.4260000000       0.000000000    
 -0.4240000000       0.000000000    
 -0.4220000000       0.000000000    
 -0.4200000000       0.000000000    
 -0.4180000000       0.000000000    
 -0.4160000000       0.000000000    
 -0.4140000000       0.000000000    
 -0.4120000000       0.000000000    
 -0.4100000000       0.000000000    
 -0.4080000000       0.000000000    
 -0.4060000000       0.000000000    
 -0.4040000000       0.000000000    
 -0.4020000000       0.000000000    
 -0.4000000000       0.000000000    
 -0.3980000000       0.000000000    
 -0.3960000000       0.000000000    
 -0.3940000000       0.000000000    
 -0.3920000000       0.000000000    
 -0.3900000000       0.000000000    
 -0.3880000000       0.000000000    
 -0.3860000000       0.000000000    
 -0.3840000000       0.000000000    
 -0.3820000000       0.000000000    
 -0.3800000000       0.000000000    
 -0.3780000000       0.000000000    
 -0.3760000000       0.000000000    
 -0.3740000000       0.000000000    
 -0.3720000000       0.000000000    
 -0.3700000000       0.000000000    
 -0.3680000000       0.000000000    
 -0.3660000000       0.000000000    
 -0.3640000000       0.000000000    
 -0.3620000000       0.000000000    
 -0.3600000000       0.000000000    
 -0.3580000000       0.000000000    
 -0.3560000000       0.000000000    
 -0.3540000000       0.000000000    
 -0.3520000000       0.000000000    
 -0.3500000000       0.000000000    
 -0.3480000000       0.000000000    
 -0.3460000000       0.000000000    
 -0.3440000000       0.000000000    
 -0.3420000000       0.000000000    
 -0.3400000000       0.000000000    
 -0.3380000000       0.000000000    
 -0.3360000000       0.000000000    
 -0.3340000000       0.000000000    
 -0.3320000000       0.000000000    
 -0.3300000000       0.000000000    
 -0.3280000000       0.000000000    
 -0.3260000000       0.000000000    
 -0.3240000000       0.000000000    
 -0.3220000000       0.000000000    
 -0.3200000000       0.000000000    
 -0.3180000000       0.000000000    
 -0.3160000000       0.000000000    
 -0.3140000000       0.000000000    
 -0.3120000000       0.000000000    
 -0.3100000000       0.000000000    
 -0.3080000000       0.000000000    
 -0.3060000000       0.000000000    
 -0.3040000000       0.000000000    
 -0.3020000000       0.000000000    
 -0.3000000000       0.000000000    
 -0.2980000000       0.000000000    
 -0.2960000000      0.4709502797E-02
 -0.2940000000      0.1768889251    
 -0.2920000000       1.115021882    
 -0.2900000000       4.020785108    
 -0.2880000000       7.118507668    
 -0.2860000000       10.36278995    
 -0.2840000000       12.90290738    
 -0.2820000000       16.76771376    
 -0.2800000000       21.40073423    
 -0.2780000000       27.11053542    
 -0.2760000000       34.84956718    
 -0.2740000000       49.60387430    
 -0.2720000000       71.86738944    
 -0.2700000000       90.24236232    
 -0.2680000000       83.07073146    
 -0.2660000000       54.39852491    
 -0.2640000000       81.39452522    
 -0.2620000000       129.7980414    
 -0.2600000000       151.5099796    
 -0.2580000000       100.6360466    
 -0.2560000000       37.70126531    
 -0.2540000000       148.6650632    
 -0.2520000000       316.5528097    
 -0.2500000000       453.9657404    
 -0.2480000000       498.2047375    
 -0.2460000000       521.1486816    
 -0.2440000000       530.5435746    
 -0.2420000000       455.6227319    
 -0.2400000000       307.4504711    
 -0.2380000000       236.2024755    
 -0.2360000000       218.5957167    
 -0.2340000000       292.0688582    
 -0.2320000000       378.1523528    
 -0.2300000000       366.3194444    
 -0.2280000000       254.0249295    
 -0.2260000000       103.8833430    
 -0.2240000000       41.98276849    
 -0.2220000000       47.99661519    
 -0.2200000000       59.31147823    
 -0.2180000000       79.26394616    
 -0.2160000000       121.6253587    
 -0.2140000000       143.2076913    
 -0.2120000000       164.4735454    
 -0.2100000000       160.6162742    
 -0.2080000000       129.4325840    
 -0.2060000000       78.44223211    
 -0.2040000000       27.21678180    
 -0.2020000000       19.81155961    
 -0.2000000000       23.63115476    
 -0.1980000000       29.44908613    
 -0.1960000000       43.81005558    
 -0.1940000000       83.58463240    
 -0.1920000000       90.62665774    
 -0.1900000000       97.86422164    
 -0.1880000000       103.4285934    
 -0.1860000000       115.9453215    
 -0.1840000000       148.6330386    
 -0.1820000000       150.9945716    
 -0.1800000000       167.6010320    
 -0.1780000000       164.7267283    
 -0.1760000000       201.6740964    
 -0.1740000000       198.9101834    
 -0.1720000000       268.4750027    
 -0.1700000000       302.3174898    
 -0.1680000000       352.1370593    
 -0.1660000000       343.4781675    
 -0.1640000000       348.7275677    
 -0.1620000000       339.1776379    
 -0.1600000000       289.4268271    
 -0.1580000000       214.3784511    
 -0.1560000000       184.7294937    
 -0.1540000000       167.0714955    
 -0.1520000000       165.8436340    
 -0.1500000000       178.2113534    
 -0.1480000000       173.8857693    
 -0.1460000000       159.7421905    
 -0.1440000000       142.4202625    
 -0.1420000000       153.7038544    
 -0.1400000000       151.6316732    
 -0.1380000000       131.3371070    
 -0.1360000000       145.9035991    
 -0.1340000000       167.6415337    
 -0.1320000000       185.9923940    
 -0.1300000000       155.7790497    
 -0.1280000000       140.4113770    
 -0.1260000000       166.7064149    
 -0.1240000000       272.8998632    
 -0.1220000000       310.0017030    
 -0.1200000000       338.3768341    
 -0.1180000000       287.6432442    
 -0.1160000000       294.8205265    
 -0.1140000000       258.2551933    
 -0.1120000000       196.2672104    
 -0.1100000000       143.9646026    
 -0.1080000000       112.2651277    
 -0.1060000000       109.4074014    
 -0.1040000000       108.1829307    
 -0.1020000000       109.8414292    
 -0.1000000000       110.4069463    
 -0.9800000000E-01   105.8522919    
 -0.9600000000E-01   100.5064411    
 -0.9400000000E-01   92.75874385    
 -0.9200000000E-01   80.52270206    
 -0.9000000000E-01   63.60767506    
 -0.8800000000E-01   48.11680170    
 -0.8600000000E-01   34.99989451    
 -0.8400000000E-01   20.68319438    
 -0.8200000000E-01   8.845388153    
 -0.8000000000E-01  0.9300326124    
 -0.7800000000E-01  0.3767602238E-03
 -0.7600000000E-01   0.000000000    
 -0.7400000000E-01   0.000000000    
 -0.7200000000E-01   0.000000000    
 -0.7000000000E-01   0.000000000    
 -0.6800000000E-01   0.000000000    
 -0.6600000000E-01   0.000000000    
 -0.6400000000E-01   0.000000000    
 -0.6200000000E-01   0.000000000    
 -0.6000000000E-01   0.000000000    
 -0.5800000000E-01   0.000000000    
 -0.5600000000E-01   0.000000000    
 -0.5400000000E-01   0.000000000    
 -0.5200000000E-01   0.000000000    
 -0.5000000000E-01   0.000000000    
 -0.4800000000E-01   0.000000000    
 -0.4600000000E-01   0.000000000    
 -0.4400000000E-01   0.000000000    
 -0.4200000000E-01   0.000000000    
 -0.4000000000E-01   0.000000000    
 -0.3800000000E-01   0.000000000    
 -0.3600000000E-01   0.000000000    
 -0.3400000000E-01   0.000000000    
 -0.3200000000E-01   0.000000000    
 -0.3000000000E-01   0.000000000    
 -0.2800000000E-01   0.000000000    
 -0.2600000000E-01   0.000000000    
 -0.2400000000E-01   0.000000000    
 -0.2200000000E-01   0.000000000    
 -0.2000000000E-01   0.000000000    
 -0.1800000000E-01   0.000000000    
 -0.1600000000E-01   0.000000000    
 -0.1400000000E-01   0.000000000    
 -0.1200000000E-01   0.000000000    
 -0.1000000000E-01   0.000000000    
 -0.8000000000E-02   0.000000000    
 -0.6000000000E-02   0.000000000    
 -0.4000000000E-02   0.000000000    
 -0.2000000000E-02   0.000000000    
  0.1040834086E-16   0.000000000    
  0.2000000000E-02   0.000000000    
  0.4000000000E-02   0.000000000    
  0.6000000000E-02   0.000000000    
  0.8000000000E-02   0.000000000    
  0.1000000000E-01   0.000000000    
  0.1200000000E-01   0.000000000    
  0.1400000000E-01   0.000000000    
  0.1600000000E-01   0.000000000    
  0.1800000000E-01   0.000000000    
  0.2000000000E-01   0.000000000    
  0.2200000000E-01   0.000000000    
  0.2400000000E-01   0.000000000    
  0.2600000000E-01   0.000000000    
  0.2800000000E-01   0.000000000    
  0.3000000000E-01   0.000000000    
  0.3200000000E-01   0.000000000    
  0.3400000000E-01   0.000000000    
  0.3600000000E-01   0.000000000    
  0.3800000000E-01   0.000000000    
  0.4000000000E-01  0.3579222126E-02
  0.4200000000E-01  0.1154770086    
  0.4400000000E-01  0.6602722921    
  0.4600000000E-01   2.953800154    
  0.4800000000E-01   5.563994985    
  0.5000000000E-01   8.332052349    
  0.5200000000E-01   10.27010694    
  0.5400000000E-01   13.13499168    
  0.5600000000E-01   16.55484423    
  0.5800000000E-01   20.03516680    
  0.6000000000E-01   23.65507903    
  0.6200000000E-01   28.40715573    
  0.6400000000E-01   36.82039991    
  0.6600000000E-01   46.81923949    
  0.6800000000E-01   53.70980722    
  0.7000000000E-01   56.08716423    
  0.7200000000E-01   55.03298913    
  0.7400000000E-01   49.76757662    
  0.7600000000E-01   40.93556345    
  0.7800000000E-01   31.76295904    
  0.8000000000E-01   31.14714446    
  0.8200000000E-01   35.98700629    
  0.8400000000E-01   43.89558015    
  0.8600000000E-01   53.20909288    
  0.8800000000E-01   68.13934703    
  0.9000000000E-01   81.93103178    
  0.9200000000E-01   95.78299817    
  0.9400000000E-01   96.66311005    
  0.9600000000E-01   92.61369117    
  0.9800000000E-01   88.57557509    
  0.1000000000       102.1536368    
  0.1020000000       131.1747233    
  0.1040000000       165.3871889    
  0.1060000000       188.7934178    
  0.1080000000       195.8467460    
  0.1100000000       182.0985771    
  0.1120000000       152.9631438    
  0.1140000000       135.2495735    
  0.1160000000       179.7278133    
  0.1180000000       192.1893461    
  0.1200000000       179.5782395    
  0.1220000000       117.8669871    
  0.1240000000       112.8232979    
  0.1260000000       124.3257876    
  0.1280000000       122.7452784    
  0.1300000000       108.5240870    
  0.1320000000       104.4709005    
  0.1340000000       138.0140516    
  0.1360000000       169.6031359    
  0.1380000000       182.9212330    
  0.1400000000       178.4117899    
  0.1420000000       160.3521653    
  0.1440000000       135.7095977    
  0.1460000000       129.0260598    
  0.1480000000       214.3999265    
  0.1500000000       283.0315107    
  0.1520000000       286.2673159    
  0.1540000000       207.8597457    
  0.1560000000       191.4574894    
  0.1580000000       210.8636550    
  0.1600000000       226.4208382    
  0.1620000000       200.7717556    
  0.1640000000       176.8661311    
  0.1660000000       159.8120795    
  0.1680000000       148.3171251    
  0.1700000000       142.1881782    
  0.1720000000       149.6461468    
  0.1740000000       169.8898504    
  0.1760000000       173.3805339    
  0.1780000000       230.0324617    
  0.1800000000       351.9859785    
  0.1820000000       499.3395393    
  0.1840000000       515.7472587    
  0.1860000000       388.2975637    
  0.1880000000       231.7437066    
  0.1900000000       123.8307246    
  0.1920000000       78.06999301    
  0.1940000000       46.07796375    
  0.1960000000       32.45770490    
  0.1980000000       28.85455850    
  0.2000000000       27.39875699    
  0.2020000000       27.62594341    
  0.2040000000       29.43514600    
  0.2060000000       33.60663520    
  0.2080000000       40.72551963    
  0.2100000000       48.72451594    
  0.2120000000       56.63422008    
  0.2140000000       62.11871865    
  0.2160000000       63.30965772    
  0.2180000000       60.82643109    
  0.2200000000       56.08151283    
  0.2220000000       53.99313091    
  0.2240000000       53.26372311    
  0.2260000000       53.89291269    
  0.2280000000       46.68624313    
  0.2300000000       28.78561138    
  0.2320000000       10.71769809    
  0.2340000000      0.4031334394E-01
  0.2360000000       0.000000000    
  0.2380000000       0.000000000    
  0.2400000000       0.000000000    
  0.2420000000       0.000000000    
  0.2440000000       0.000000000    
  0.2460000000      0.1356336806E-01
  0.2480000000      0.4193341291    
  0.2500000000       2.571011767    
  0.2520000000       11.35291582    
  0.2540000000       38.67820457    
  0.2560000000       81.36400764    
  0.2580000000       116.2990994    
  0.2600000000       115.5664891    
  0.2620000000       96.74467864    
  0.2640000000       78.89076515    
  0.2660000000       77.11076148    
  0.2680000000       74.60342219    
  0.2700000000       78.32129208    
  0.2720000000       82.87330910    
  0.2740000000       79.67649860    
  0.2760000000       61.11276886    
  0.2780000000       36.95490331    
  0.2800000000       20.56093569    
  0.2820000000       13.09091073    
  0.2840000000       11.22613601    
  0.2860000000       11.42129780    
  0.2880000000       12.47283559    
  0.2900000000       14.02301553    
  0.2920000000       16.29902404    
  0.2940000000       19.02187018    
  0.2960000000       22.17196241    
  0.2980000000       25.60914593    
  0.3000000000       29.14164979    
  0.3020000000       33.04752303    
  0.3040000000       36.68891059    
  0.3060000000       39.98066467    
  0.3080000000       41.99369454    
  0.3100000000       43.33646798    
  0.3120000000       44.11899896    
  0.3140000000       44.60765697    
  0.3160000000       44.27648474    
  0.3180000000       43.70531624    
  0.3200000000       43.14884139    
  0.3220000000       42.48574339    
  0.3240000000       41.00507571    
  0.3260000000       38.31350068    
  0.3280000000       35.64566153    
  0.3300000000       34.00713132    
  0.3320000000       34.19325087    
  0.3340000000       35.35781672    
  0.3360000000       37.10485388    
  0.3380000000       39.21056677    
  0.3400000000       41.70961733    
  0.3420000000       44.36389311    
  0.3440000000       46.77063742    
  0.3460000000       49.11521629    
  0.3480000000       50.49679603    
  0.3500000000       50.97038363    
  0.3520000000       51.13879545    
  0.3540000000       51.79322796    
  0.3560000000       54.80015131    
  0.3580000000       58.83864415    
  0.3600000000       61.92016602    
  0.3620000000       60.59623059    
  0.3640000000       57.68500434    
  0.3660000000       57.88920838    
  0.3680000000       62.13642638    
  0.3700000000       59.34463313    
  0.3720000000       49.74968051    
  0.3740000000       35.13854227    
  0.3760000000       25.02441406    
  0.3780000000       17.56701057    
  0.3800000000       13.46446850    
  0.3820000000       15.66738553    
  0.3840000000       24.53726309    
  0.3860000000       48.40351623    
  0.3880000000       79.31028766    
  0.3900000000       93.83740837    
  0.3920000000       83.85476948    
  0.3940000000       56.65607217    
  0.3960000000       38.37491259    
  0.3980000000       27.32905635    
  0.4000000000       20.28966833    
  0.4020000000       14.39337083    
  0.4040000000       10.23770556    
  0.4060000000       9.323685258    
  0.4080000000       17.67758970    
  0.4100000000       36.74504786    
  0.4120000000       73.85027850    
  0.4140000000       95.66243490    
  0.4160000000       97.73763021    
  0.4180000000       77.76104962    
  0.4200000000       69.27904671    
  0.4220000000       82.52329885    
  0.4240000000       96.87937042    
  0.4260000000       104.6978986    
  0.4280000000       104.6146346    
  0.4300000000       107.4169771    
  0.4320000000       107.4885616    
  0.4340000000       99.37634880    
  0.4360000000       88.87754841    
  0.4380000000       87.64931008    
  0.4400000000       95.16002514    
  0.4420000000       101.7224347    
  0.4440000000       98.17938157    
  0.4460000000       88.29978660    
  0.4480000000       83.52133668    
  0.4500000000       81.15641276    
  0.4520000000       77.77272919    
  0.4540000000       72.16201594    
  0.4560000000       67.57081585    
  0.4580000000       62.51167957    
  0.4600000000       54.39852491    
  0.4620000000       47.20899794    
  0.4640000000       54.96611419    
  0.4660000000       74.82439206    
  0.4680000000       95.94990295    
  0.4700000000       104.7691063    
  0.4720000000       97.25763768    
  0.4740000000       83.62871335    
  0.4760000000       68.49689248    
  0.4780000000       60.84413882    
  0.4800000000       59.79222427    
  0.4820000000       60.16860774    
  0.4840000000       59.58500615    
  0.4860000000       56.93788882    
  0.4880000000       53.13750844    
  0.4900000000       48.80815671    
  0.4920000000       45.06466712    
  0.4940000000       43.30067576    
  0.4960000000       43.21778851    
  0.4980000000       45.15019170    

 -0.5000000000      -0.000000000    
 -0.4980000000      -0.000000000    
 -0.4960000000      -0.000000000    
 -0.4940000000      -0.000000000    
 -0.4920000000      -0.000000000    
 -0.4900000000      -0.000000000    
 -0.4880000000      -0.000000000    
 -0.4860000000      -0.000000000    
 -0.4840000000      -0.000000000    
 -0.4820000000      -0.000000000    
 -0.4800000000      -0.000000000    
 -0.4780000000      -0.000000000    
 -0.4760000000      -0.000000000    
 -0.4740000000      -0.000000000    
 -0.4720000000      -0.000000000    
 -0.4700000000      -0.000000000    
 -0.4680000000      -0.000000000    
 -0.4660000000      -0.000000000    
 -0.4640000000      -0.000000000    
 -0.4620000000      -0.000000000    
 -0.4600000000      -0.000000000    
 -0.4580000000      -0.000000000    
 -0.4560000000      -0.000000000    
 -0.4540000000      -0.000000000    
 -0.4520000000      -0.000000000    
 -0.4500000000      -0.000000000    
 -0.4480000000      -0.000000000    
 -0.4460000000      -0.000000000    
 -0.4440000000      -0.000000000    
 -0.4420000000      -0.000000000    
 -0.4400000000      -0.000000000    
 -0.4380000000      -0.000000000    
 -0.4360000000      -0.000000000    
 -0.4340000000      -0.000000000    
 -0.4320000000      -0.000000000    
 -0.4300000000      -0.000000000    
 -0.4280000000      -0.000000000    
 -0.4260000000      -0.000000000    
 -0.4240000000      -0.000000000    
 -0.4220000000      -0.000000000    
 -0.4200000000      -0.000000000    
 -0.4180000000      -0.000000000    
 -0.4160000000      -0.000000000    
 -0.4140000000      -0.000000000    
 -0.4120000000      -0.000000000    
 -0.4100000000      -0.000000000    
 -0.4080000000      -0.000000000    
 -0.4060000000      -0.000000000    
 -0.4040000000      -0.000000000    
 -0.4020000000      -0.000000000    
 -0.4000000000      -0.000000000    
 -0.3980000000      -0.000000000    
 -0.3960000000      -0.000000000    
 -0.3940000000      -0.000000000    
 -0.3920000000      -0.000000000    
 -0.3900000000      -0.000000000    
 -0.3880000000      -0.000000000    
 -0.3860000000      -0.000000000    
 -0.3840000000      -0.000000000    
 -0.3820000000      -0.000000000    
 -0.3800000000      -0.000000000    
 -0.3780000000      -0.000000000    
 -0.3760000000      -0.000000000    
 -0.3740000000      -0.000000000    
 -0.3720000000      -0.000000000    
 -0.3700000000      -0.000000000    
 -0.3680000000      -0.000000000    
 -0.3660000000      -0.000000000    
 -0.3640000000      -0.000000000    
 -0.3620000000      -0.000000000    
 -0.3600000000      -0.000000000    
 -0.3580000000      -0.000000000    
 -0.3560000000      -0.000000000    
 -0.3540000000      -0.000000000    
 -0.3520000000      -0.000000000    
 -0.3500000000      -0.000000000    
 -0.3480000000      -0.000000000    
 -0.3460000000      -0.000000000    
 -0.3440000000      -0.000000000    
 -0.3420000000      -0.000000000    
 -0.3400000000      -0.000000000    
 -0.3380000000      -0.000000000    
 -0.3360000000      -0.000000000    
 -0.3340000000      -0.000000000    
 -0.3320000000      -0.000000000    
 -0.3300000000      -0.000000000    
 -0.3280000000      -0.000000000    
 -0.3260000000      -0.000000000    
 -0.3240000000      -0.000000000    
 -0.3220000000      -0.000000000    
 -0.3200000000     -0.1318660783E-02
 -0.3180000000     -0.9098759404E-01
 -0.3160000000     -0.5826596861    
 -0.3140000000      -2.534842785    
 -0.3120000000      -4.938949773    
 -0.3100000000      -7.299729335    
 -0.3080000000      -8.807523751    
 -0.3060000000      -10.60391650    
 -0.3040000000      -12.95640734    
 -0.3020000000      -15.51724658    
 -0.3000000000      -17.90289231    
 -0.2980000000      -20.46222451    
 -0.2960000000      -23.65715121    
 -0.2940000000      -28.23478793    
 -0.2920000000      -35.99943938    
 -0.2900000000      -46.02201485    
 -0.2880000000      -52.89449810    
 -0.2860000000      -55.37508741    
 -0.2840000000      -54.37516577    
 -0.2820000000      -48.08477708    
 -0.2800000000      -33.64807882    
 -0.2780000000      -16.24062621    
 -0.2760000000      -12.45004159    
 -0.2740000000      -38.32367320    
 -0.2720000000      -89.05104649    
 -0.2700000000      -116.6400674    
 -0.2680000000      -113.3307940    
 -0.2660000000      -77.12639703    
 -0.2640000000      -41.49467562    
 -0.2620000000      -45.11779032    
 -0.2600000000      -158.5248782    
 -0.2580000000      -277.4846583    
 -0.2560000000      -400.5149559    
 -0.2540000000      -320.8183006    
 -0.2520000000      -241.0210503    
 -0.2500000000      -366.7176800    
 -0.2480000000      -426.4908779    
 -0.2460000000      -560.8091001    
 -0.2440000000      -351.6619647    
 -0.2420000000      -319.4922930    
 -0.2400000000      -218.7581003    
 -0.2380000000      -214.4532380    
 -0.2360000000      -302.0673210    
 -0.2340000000      -366.9452432    
 -0.2320000000      -320.3271936    
 -0.2300000000      -180.4003303    
 -0.2280000000      -94.58527742    
 -0.2260000000      -145.8872100    
 -0.2240000000      -172.1458906    
 -0.2220000000      -167.1639902    
 -0.2200000000      -158.7686421    
 -0.2180000000      -144.2309721    
 -0.2160000000      -104.7438633    
 -0.2140000000      -49.02743116    
 -0.2120000000      -19.29803542    
 -0.2100000000      -19.51655635    
 -0.2080000000      -23.13383126    
 -0.2060000000      -28.95892108    
 -0.2040000000      -41.76387080    
 -0.2020000000      -88.02851924    
 -0.2000000000      -115.0686005    
 -0.1980000000      -143.8116380    
 -0.1960000000      -124.4559582    
 -0.1940000000      -127.0676601    
 -0.1920000000      -136.4749861    
 -0.1900000000      -153.1665943    
 -0.1880000000      -151.9899721    
 -0.1860000000      -196.3843828    
 -0.1840000000      -252.9391065    
 -0.1820000000      -345.0066837    
 -0.1800000000      -406.5222093    
 -0.1780000000      -422.0556565    
 -0.1760000000      -353.4811514    
 -0.1740000000      -274.4396822    
 -0.1720000000      -250.0499207    
 -0.1700000000      -261.9964223    
 -0.1680000000      -224.9889609    
 -0.1660000000      -189.8479697    
 -0.1640000000      -163.2127173    
 -0.1620000000      -172.4214907    
 -0.1600000000      -165.2916802    
 -0.1580000000      -162.9879798    
 -0.1560000000      -163.0674762    
 -0.1540000000      -160.4437181    
 -0.1520000000      -152.3200141    
 -0.1500000000      -127.3178289    
 -0.1480000000      -106.7327806    
 -0.1460000000      -116.0760573    
 -0.1440000000      -150.7877303    
 -0.1420000000      -156.7156756    
 -0.1400000000      -147.7821256    
 -0.1380000000      -116.8075373    
 -0.1360000000      -117.1624454    
 -0.1340000000      -125.9673319    
 -0.1320000000      -176.3043816    
 -0.1300000000      -251.8542254    
 -0.1280000000      -322.4978977    
 -0.1260000000      -323.0773549    
 -0.1240000000      -334.2908694    
 -0.1220000000      -313.0884995    
 -0.1200000000      -273.5863203    
 -0.1180000000      -184.1747143    
 -0.1160000000      -113.6881510    
 -0.1140000000      -92.40232868    
 -0.1120000000      -83.00743574    
 -0.1100000000      -85.50874687    
 -0.1080000000      -89.72883813    
 -0.1060000000      -91.78670247    
 -0.1040000000      -90.75588650    
 -0.1020000000      -86.53202763    
 -0.1000000000      -80.28270580    
 -0.9800000000E-01  -71.36102370    
 -0.9600000000E-01  -59.14080584    
 -0.9400000000E-01  -44.66228721    
 -0.9200000000E-01  -32.52533336    
 -0.9000000000E-01  -23.24459877    
 -0.8800000000E-01  -15.55850182    
 -0.8600000000E-01  -8.493870865    
 -0.8400000000E-01  -3.500102479    
 -0.8200000000E-01 -0.6143075448    
 -0.8000000000E-01 -0.2865261502    
 -0.7800000000E-01 -0.8676787953    
 -0.7600000000E-01  -2.686677156    
 -0.7400000000E-01  -5.089277103    
 -0.7200000000E-01  -7.736017675    
 -0.7000000000E-01  -10.09491344    
 -0.6800000000E-01  -13.09354806    
 -0.6600000000E-01  -17.46434341    
 -0.6400000000E-01  -24.03391143    
 -0.6200000000E-01  -34.43889853    
 -0.6000000000E-01  -46.80812506    
 -0.5800000000E-01  -57.66786175    
 -0.5600000000E-01  -59.58632481    
 -0.5400000000E-01  -56.02349175    
 -0.5200000000E-01  -51.72559950    
 -0.5000000000E-01  -53.27333050    
 -0.4800000000E-01  -59.05170205    
 -0.4600000000E-01  -61.08865620    
 -0.4400000000E-01  -61.11276886    
 -0.4200000000E-01  -71.00498529    
 -0.4000000000E-01  -117.5815912    
 -0.3800000000E-01  -150.1178506    
 -0.3600000000E-01  -153.9939598    
 -0.3400000000E-01  -147.2412863    
 -0.3200000000E-01  -169.7662730    
 -0.3000000000E-01  -219.5344148    
 -0.2800000000E-01  -230.0452715    
 -0.2600000000E-01  -218.4964404    
 -0.2400000000E-01  -185.4553223    
 -0.2200000000E-01  -161.2123089    
 -0.2000000000E-01  -158.4208924    
 -0.1800000000E-01  -151.3491030    
 -0.1600000000E-01  -127.7333954    
 -0.1400000000E-01  -112.7624512    
 -0.1200000000E-01  -262.7655783    
 -0.1000000000E-01  -332.4722478    
 -0.8000000000E-02  -296.9181390    
 -0.6000000000E-02  -101.2772925    
 -0.4000000000E-02  -9.706473645    
 -0.2000000000E-02  -0.000000000    
  0.1040834086E-16 -0.1318660783E-02
  0.2000000000E-02 -0.6913550106E-01
  0.4000000000E-02 -0.4349696783    
  0.6000000000E-02  -1.868730710    
  0.8000000000E-02  -4.480432581    
  0.1000000000E-01  -6.978352865    
  0.1200000000E-01  -9.103280527    
  0.1400000000E-01  -10.95091266    
  0.1600000000E-01  -13.82107205    
  0.1800000000E-01  -17.03935788    
  0.2000000000E-01  -20.28590073    
  0.2200000000E-01  -24.01808750    
  0.2400000000E-01  -29.31458273    
  0.2600000000E-01  -38.27394085    
  0.2800000000E-01  -45.38227599    
  0.3000000000E-01  -49.03421284    
  0.3200000000E-01  -47.60214723    
  0.3400000000E-01  -45.58534975    
  0.3600000000E-01  -43.98600260    
  0.3800000000E-01  -39.00636273    
  0.4000000000E-01  -28.74981916    
  0.4200000000E-01  -16.52281961    
  0.4400000000E-01  -9.515079451    
  0.4600000000E-01  -13.43376254    
  0.4800000000E-01  -23.22199315    
  0.5000000000E-01  -36.74693166    
  0.5200000000E-01  -51.33207345    
  0.5400000000E-01  -72.20270604    
  0.5600000000E-01  -82.27991175    
  0.5800000000E-01  -76.33463542    
  0.6000000000E-01  -55.90179820    
  0.6200000000E-01  -38.17899728    
  0.6400000000E-01  -29.15596668    
  0.6600000000E-01  -76.50493104    
  0.6800000000E-01  -129.4129925    
  0.7000000000E-01  -186.8165570    
  0.7200000000E-01  -270.3495732    
  0.7400000000E-01  -209.8639217    
  0.7600000000E-01  -144.6237446    
  0.7800000000E-01  -1.615359459    
  0.8000000000E-01  -0.000000000    
  0.8200000000E-01  -0.000000000    
  0.8400000000E-01 -0.1695421007E-02
  0.8600000000E-01 -0.6273057726E-01
  0.8800000000E-01 -0.3690366392    
  0.9000000000E-01  -1.226354528    
  0.9200000000E-01  -3.422113112    
  0.9400000000E-01  -7.202901958    
  0.9600000000E-01  -13.27816057    
  0.9800000000E-01  -21.91990982    
  0.1000000000      -35.63360520    
  0.1020000000      -51.00504557    
  0.1040000000      -66.15156009    
  0.1060000000      -76.37909312    
  0.1080000000      -83.83065683    
  0.1100000000      -87.61596680    
  0.1120000000      -86.75770701    
  0.1140000000      -81.21141975    
  0.1160000000      -74.80498891    
  0.1180000000      -70.80567913    
  0.1200000000      -69.17242356    
  0.1220000000      -74.49114764    
  0.1240000000      -90.25931653    
  0.1260000000      -114.1481753    
  0.1280000000      -134.0102208    
  0.1300000000      -144.2641270    
  0.1320000000      -147.0193745    
  0.1340000000      -138.8534734    
  0.1360000000      -128.2111274    
  0.1380000000      -127.3698218    
  0.1400000000      -154.1936427    
  0.1420000000      -223.5299570    
  0.1440000000      -309.3775996    
  0.1460000000      -392.0521677    
  0.1480000000      -384.2573755    
  0.1500000000      -309.7701838    
  0.1520000000      -188.6922577    
  0.1540000000      -103.9456968    
  0.1560000000      -53.04746275    
  0.1580000000      -31.12472723    
  0.1600000000      -22.63556586    
  0.1620000000      -20.61368212    
  0.1640000000      -20.49537941    
  0.1660000000      -20.45318227    
  0.1680000000      -20.23842894    
  0.1700000000      -19.88352081    
  0.1720000000      -19.24905659    
  0.1740000000      -18.74231409    
  0.1760000000      -18.27287085    
  0.1780000000      -18.13120901    
  0.1800000000      -18.21955928    
  0.1820000000      -18.53942871    
  0.1840000000      -19.15844576    
  0.1860000000      -20.15968605    
  0.1880000000      -22.17610677    
  0.1900000000      -25.74741693    
  0.1920000000      -31.57401379    
  0.1940000000      -38.70420103    
  0.1960000000      -45.76845522    
  0.1980000000      -51.94581585    
  0.2000000000      -55.58908722    
  0.2020000000      -56.08528043    
  0.2040000000      -53.73957128    
  0.2060000000      -52.47629425    
  0.2080000000      -52.79654044    
  0.2100000000      -53.32212095    
  0.2120000000      -48.99691358    
  0.2140000000      -34.88347560    
  0.2160000000      -17.65310028    
  0.2180000000      -4.137957538    
  0.2200000000     -0.1424153646    
  0.2220000000      -0.000000000    
  0.2240000000      -0.000000000    
  0.2260000000      -0.000000000    
  0.2280000000      -0.000000000    
  0.2300000000      -0.000000000    
  0.2320000000      -0.000000000    
  0.2340000000      -0.000000000    
  0.2360000000      -0.000000000    
  0.2380000000      -0.000000000    
  0.2400000000     -0.9192949460E-01
  0.2420000000      -2.520525897    
  0.2440000000      -16.42184787    
  0.2460000000      -51.44434799    
  0.2480000000      -92.56508910    
  0.2500000000      -116.6300832    
  0.2520000000      -105.8965612    
  0.2540000000      -81.92255468    
  0.2560000000      -62.88203487    
  0.2580000000      -58.80737305    
  0.2600000000      -64.60684317    
  0.2620000000      -80.33808955    
  0.2640000000      -96.31159276    
  0.2660000000      -93.97718641    
  0.2680000000      -72.78272841    
  0.2700000000      -43.08385025    
  0.2720000000      -24.01074068    
  0.2740000000      -14.52033902    
  0.2760000000      -12.43195710    
  0.2780000000      -13.75287845    
  0.2800000000      -16.12985870    
  0.2820000000      -18.72309932    
  0.2840000000      -21.59702631    
  0.2860000000      -24.82247058    
  0.2880000000      -28.28791112    
  0.2900000000      -31.78688332    
  0.2920000000      -35.28434848    
  0.2940000000      -39.32434836    
  0.2960000000      -42.80335226    
  0.2980000000      -44.90981867    
  0.3000000000      -45.42447314    
  0.3020000000      -45.46629352    
  0.3040000000      -45.62754690    
  0.3060000000      -45.99187404    
  0.3080000000      -46.15124361    
  0.3100000000      -46.18364499    
  0.3120000000      -45.87620865    
  0.3140000000      -45.34949785    
  0.3160000000      -43.49546079    
  0.3180000000      -40.66448447    
  0.3200000000      -38.42765902    
  0.3220000000      -38.16241983    
  0.3240000000      -39.97011538    
  0.3260000000      -42.65980662    
  0.3280000000      -45.90710299    
  0.3300000000      -49.62610315    
  0.3320000000      -52.32785072    
  0.3340000000      -53.00940996    
  0.3360000000      -52.53356180    
  0.3380000000      -53.41857157    
  0.3400000000      -53.60243056    
  0.3420000000      -52.91861075    
  0.3440000000      -51.97105879    
  0.3460000000      -52.92313187    
  0.3480000000      -54.64718666    
  0.3500000000      -56.13689658    
  0.3520000000      -58.78062307    
  0.3540000000      -63.43380021    
  0.3560000000      -61.48594986    
  0.3580000000      -55.20648721    
  0.3600000000      -43.17333080    
  0.3620000000      -35.19694010    
  0.3640000000      -29.87369490    
  0.3660000000      -28.80256559    
  0.3680000000      -32.04647111    
  0.3700000000      -41.43307533    
  0.3720000000      -52.41563585    
  0.3740000000      -60.44514974    
  0.3760000000      -62.75695047    
  0.3780000000      -59.32240427    
  0.3800000000      -50.21271882    
  0.3820000000      -37.42283951    
  0.3840000000      -26.59964856    
  0.3860000000      -19.97808763    
  0.3880000000      -15.62876760    
  0.3900000000      -12.77895327    
  0.3920000000      -14.93477527    
  0.3940000000      -29.61674443    
  0.3960000000      -57.31615608    
  0.3980000000      -91.58212167    
  0.4000000000      -101.1416588    
  0.4020000000      -92.92903947    
  0.4040000000      -75.35430531    
  0.4060000000      -78.11030635    
  0.4080000000      -88.27605071    
  0.4100000000      -97.04514492    
  0.4120000000      -100.4310890    
  0.4140000000      -102.8958544    
  0.4160000000      -100.6337860    
  0.4180000000      -93.44482422    
  0.4200000000      -85.32940900    
  0.4220000000      -88.58122649    
  0.4240000000      -99.35091749    
  0.4260000000      -108.5845571    
  0.4280000000      -110.4308705    
  0.4300000000      -112.0381296    
  0.4320000000      -105.1545320    
  0.4340000000      -95.62570077    
  0.4360000000      -78.68279351    
  0.4380000000      -67.12171766    
  0.4400000000      -58.24336299    
  0.4420000000      -53.49505389    
  0.4440000000      -61.79263268    
  0.4460000000      -85.44187193    
  0.4480000000      -113.0248647    
  0.4500000000      -130.7335371    
  0.4520000000      -124.8978980    
  0.4540000000      -109.6779152    
  0.4560000000      -90.25253484    
  0.4580000000      -77.96751423    
  0.4600000000      -68.19020966    
  0.4620000000      -61.68393736    
  0.4640000000      -56.53061101    
  0.4660000000      -52.82253689    
  0.4680000000      -50.69685571    
  0.4700000000      -49.22202781    
  0.4720000000      -48.74052825    
  0.4740000000      -48.53707773    
  0.4760000000      -46.75142265    
  0.4780000000      -43.98750965    
  0.4800000000      -41.50126893    
  0.4820000000      -44.33149173    
  0.4840000000      -50.99148220    
  0.4860000000      -61.07245551    
  0.4880000000      -69.40601490    
  0.4900000000      -74.86847301    
  0.4920000000      -70.95996244    
  0.4940000000      -60.18499681    
  0.4960000000      -49.03119876    
  0.4980000000      -43.19706670    

